This file contains any messages produced by compilers while
running configure, to aid debugging if configure makes a mistake.

It was created by AloLang Compiler configure Dev Beta, which was
generated by GNU Autoconf 2.70.  Invocation command line was

  $ ./configure

## --------- ##
## Platform. ##
## --------- ##

hostname = Deskmini-A300
uname -m = x86_64
uname -r = 5.10.10-arch1-1
uname -s = Linux
uname -v = #1 SMP PREEMPT Sat, 23 Jan 2021 23:59:48 +0000

/usr/bin/uname -p = unknown
/bin/uname -X     = unknown

/bin/arch              = unknown
/usr/bin/arch -k       = unknown
/usr/convex/getsysinfo = unknown
/usr/bin/hostinfo      = unknown
/bin/machine           = unknown
/usr/bin/oslevel       = unknown
/bin/universe          = unknown

PATH: /usr/local/sbin/
PATH: /usr/local/bin/
PATH: /usr/bin/
PATH: /usr/lib/jvm/default/bin/
PATH: /opt/nessus/bin/
PATH: /opt/nessus/sbin/
PATH: /usr/bin/site_perl/
PATH: /usr/bin/vendor_perl/
PATH: /usr/bin/core_perl/
PATH: /var/lib/snapd/snap/bin/
PATH: /home/tomdang/go/bin/
PATH: /home/tomdang/go/bin/


## ----------- ##
## Core tests. ##
## ----------- ##

configure:2735: looking for aux files: config.guess config.sub
configure:2748:  trying ./
configure:2748:  trying ./../
configure:2748:  trying ./../../
configure:2801: error: cannot find required auxiliary files: config.guess config.sub

## ---------------- ##
## Cache variables. ##
## ---------------- ##

ac_cv_env_CCC_set=
ac_cv_env_CCC_value=
ac_cv_env_CC_set=
ac_cv_env_CC_value=
ac_cv_env_CFLAGS_set=
ac_cv_env_CFLAGS_value=
ac_cv_env_CPPFLAGS_set=
ac_cv_env_CPPFLAGS_value=
ac_cv_env_CXXFLAGS_set=
ac_cv_env_CXXFLAGS_value=
ac_cv_env_CXX_set=
ac_cv_env_CXX_value=
ac_cv_env_LDFLAGS_set=
ac_cv_env_LDFLAGS_value=
ac_cv_env_LIBS_set=
ac_cv_env_LIBS_value=
ac_cv_env_build_alias_set=
ac_cv_env_build_alias_value=
ac_cv_env_host_alias_set=
ac_cv_env_host_alias_value=
ac_cv_env_target_alias_set=
ac_cv_env_target_alias_value=

## ----------------- ##
## Output variables. ##
## ----------------- ##

CC=''
CFLAGS=''
CPPFLAGS=''
CXX=''
CXXFLAGS=''
DEFS=''
ECHO_C=''
ECHO_N='-n'
ECHO_T=''
EXEEXT=''
FLEX_CHECK=''
LDFLAGS=''
LIBOBJS=''
LIBS=''
LLVM_CHECK=''
LTLIBOBJS=''
OBJEXT=''
PACKAGE_BUGREPORT='https://github.com/XJTU-Youth/AloLang-Dev/issues'
PACKAGE_NAME='AloLang Compiler'
PACKAGE_STRING='AloLang Compiler Dev Beta'
PACKAGE_TARNAME='alolang-compiler'
PACKAGE_URL=''
PACKAGE_VERSION='Dev Beta'
PATH_SEPARATOR=':'
SHELL='/bin/sh'
ac_ct_CC=''
ac_ct_CXX=''
bindir='${exec_prefix}/bin'
build=''
build_alias=''
build_cpu=''
build_os=''
build_vendor=''
datadir='${datarootdir}'
datarootdir='${prefix}/share'
docdir='${datarootdir}/doc/${PACKAGE_TARNAME}'
dvidir='${docdir}'
exec_prefix='NONE'
host=''
host_alias=''
host_cpu=''
host_os=''
host_vendor=''
htmldir='${docdir}'
includedir='${prefix}/include'
infodir='${datarootdir}/info'
libdir='${exec_prefix}/lib'
libexecdir='${exec_prefix}/libexec'
localedir='${datarootdir}/locale'
localstatedir='${prefix}/var'
mandir='${datarootdir}/man'
oldincludedir='/usr/include'
pdfdir='${docdir}'
prefix='NONE'
program_transform_name='s,x,x,'
psdir='${docdir}'
runstatedir='${localstatedir}/run'
sbindir='${exec_prefix}/sbin'
sharedstatedir='${prefix}/com'
sysconfdir='${prefix}/etc'
target_alias=''

## ----------- ##
## confdefs.h. ##
## ----------- ##

/* confdefs.h */
#define PACKAGE_NAME "AloLang Compiler"
#define PACKAGE_TARNAME "alolang-compiler"
#define PACKAGE_VERSION "Dev Beta"
#define PACKAGE_STRING "AloLang Compiler Dev Beta"
#define PACKAGE_BUGREPORT "https://github.com/XJTU-Youth/AloLang-Dev/issues"
#define PACKAGE_URL ""

configure: exit 1
